<?xml version="1.0" encoding="UTF-8"?>
<!-- Generated by org.testng.reporters.JUnitXMLReporter -->
<testsuite hostname="sys" name="Chrome" tests="3" failures="0" timestamp="18 Jul 2015 12:54:59 GMT" time="51.198" errors="0">
  <testcase name="loginTest" time="12.156" classname="com.qedge.testsuite.Login"/>
  <testcase name="addEmployeeTest" time="32.49" classname="com.qedge.testsuite.AddEmployee"/>
  <testcase name="timeSheetTest" time="6.516" classname="com.qedge.testsuite.TimeSheet"/>
</testsuite> <!-- Chrome -->
